<?xml version="1.0" encoding="UTF-8"?>
<testng-results skipped="0" failed="0" total="1" passed="1">
  <reporter-output>
  </reporter-output>
  <suite name="Command line suite" duration-ms="31" started-at="2020-11-13T12:26:11Z" finished-at="2020-11-13T12:26:11Z">
    <groups>
    </groups>
    <test name="Command line test" duration-ms="31" started-at="2020-11-13T12:26:11Z" finished-at="2020-11-13T12:26:11Z">
      <class name="Cucumber.Selenium.AppTest">
        <test-method status="PASS" signature="testApp()[pri:0, instance:testApp(Cucumber.Selenium.AppTest)]" name="testApp" duration-ms="3" started-at="2020-11-13T17:56:11Z" finished-at="2020-11-13T17:56:11Z">
          <reporter-output>
          </reporter-output>
        </test-method> <!-- testApp -->
      </class> <!-- Cucumber.Selenium.AppTest -->
    </test> <!-- Command line test -->
  </suite> <!-- Command line suite -->
</testng-results>
